<?xml version="1.0" encoding="UTF-8"?>
<!-- Generated by org.testng.reporters.JUnitReportReporter -->
<testsuite skipped="0" hostname="DESKTOP-VINC94V" name="com.crossover.e2e.GMailTest" tests="1" failures="0" timestamp="23 Jun 2020 15:30:08 GMT" time="37.494" errors="0">
  <testcase name="sendingEmail" time="37.494" classname="com.crossover.e2e.GMailTest"/>
</testsuite> <!-- com.crossover.e2e.GMailTest -->
